[15:30:12] [ServerMain/INFO]: Environment: authHost='https://authserver.mojang.com', accountsHost='https://api.mojang.com', sessionHost='https://sessionserver.mojang.com', servicesHost='https://api.minecraftservices.com', name='PROD'
[15:30:14] [ServerMain/INFO]: Loaded 7 recipes
[15:30:14] [ServerMain/INFO]: Loaded 1271 advancements
[15:30:14] [Server thread/INFO]: Starting minecraft server version 1.20.1
[15:30:14] [Server thread/INFO]: Loading properties
[15:30:14] [Server thread/INFO]: Default game type: SURVIVAL
[15:30:14] [Server thread/INFO]: Generating keypair
[15:30:15] [Server thread/INFO]: Starting Minecraft server on *:25565
[15:30:15] [Server thread/INFO]: Using epoll channel type
[15:30:15] [Server thread/WARN]: **** SERVER IS RUNNING IN OFFLINE/INSECURE MODE!
[15:30:15] [Server thread/WARN]: The server will make no attempt to authenticate usernames. Beware.
[15:30:15] [Server thread/WARN]: While this makes the game possible to play without internet access, it also opens up the ability for hackers to connect with any username they choose.
[15:30:15] [Server thread/WARN]: To change this, set "online-mode" to "true" in the server.properties file.
[15:30:15] [Server thread/INFO]: Preparing level "world"
[15:30:19] [Server thread/INFO]: Preparing start region for dimension minecraft:overworld
[15:30:20] [Worker-Main-1/INFO]: Preparing spawn area: 0%
[15:30:20] [Worker-Main-4/INFO]: Preparing spawn area: 0%
[15:30:20] [Worker-Main-4/INFO]: Preparing spawn area: 0%
[15:30:21] [Worker-Main-3/INFO]: Preparing spawn area: 0%
[15:30:21] [Worker-Main-1/INFO]: Preparing spawn area: 0%
[15:30:22] [Worker-Main-2/INFO]: Preparing spawn area: 1%
[15:30:22] [Worker-Main-4/INFO]: Preparing spawn area: 2%
[15:30:23] [Worker-Main-1/INFO]: Preparing spawn area: 3%
[15:30:23] [Worker-Main-1/INFO]: Preparing spawn area: 4%
[15:30:24] [Worker-Main-3/INFO]: Preparing spawn area: 5%
[15:30:24] [Worker-Main-1/INFO]: Preparing spawn area: 7%
[15:30:25] [Worker-Main-5/INFO]: Preparing spawn area: 9%
[15:30:25] [Worker-Main-6/INFO]: Preparing spawn area: 10%
[15:30:26] [Worker-Main-3/INFO]: Preparing spawn area: 13%
[15:30:26] [Worker-Main-2/INFO]: Preparing spawn area: 15%
[15:30:27] [Worker-Main-7/INFO]: Preparing spawn area: 17%
[15:30:27] [Worker-Main-1/INFO]: Preparing spawn area: 19%
[15:30:28] [Worker-Main-3/INFO]: Preparing spawn area: 21%
[15:30:30] [Worker-Main-2/INFO]: Preparing spawn area: 22%
[15:30:30] [Worker-Main-6/INFO]: Preparing spawn area: 22%
[15:30:30] [Worker-Main-2/INFO]: Preparing spawn area: 23%
[15:30:30] [Worker-Main-2/INFO]: Preparing spawn area: 23%
[15:30:30] [Worker-Main-7/INFO]: Preparing spawn area: 26%
[15:30:32] [Worker-Main-3/INFO]: Preparing spawn area: 29%
[15:30:32] [Worker-Main-6/INFO]: Preparing spawn area: 29%
[15:30:32] [Worker-Main-3/INFO]: Preparing spawn area: 29%
[15:30:32] [Worker-Main-7/INFO]: Preparing spawn area: 31%
[15:30:33] [Worker-Main-2/INFO]: Preparing spawn area: 33%
[15:30:33] [Worker-Main-2/INFO]: Preparing spawn area: 34%
[15:30:34] [Worker-Main-2/INFO]: Preparing spawn area: 37%
[15:30:34] [Worker-Main-3/INFO]: Preparing spawn area: 40%
[15:30:35] [Worker-Main-5/INFO]: Preparing spawn area: 42%
[15:30:35] [Worker-Main-6/INFO]: Preparing spawn area: 44%
[15:30:36] [Worker-Main-2/INFO]: Preparing spawn area: 46%
[15:30:36] [Worker-Main-5/INFO]: Preparing spawn area: 49%
[15:30:37] [Worker-Main-3/INFO]: Preparing spawn area: 53%
[15:30:37] [Worker-Main-5/INFO]: Preparing spawn area: 55%
[15:30:38] [Worker-Main-6/INFO]: Preparing spawn area: 58%
[15:30:38] [Worker-Main-3/INFO]: Preparing spawn area: 61%
[15:30:39] [Worker-Main-3/INFO]: Preparing spawn area: 64%
[15:30:39] [Worker-Main-7/INFO]: Preparing spawn area: 68%
[15:30:40] [Worker-Main-3/INFO]: Preparing spawn area: 70%
[15:30:40] [Worker-Main-4/INFO]: Preparing spawn area: 73%
[15:30:41] [Worker-Main-4/INFO]: Preparing spawn area: 76%
[15:30:41] [Worker-Main-4/INFO]: Preparing spawn area: 80%
[15:30:42] [Worker-Main-3/INFO]: Preparing spawn area: 83%
[15:30:42] [Worker-Main-4/INFO]: Preparing spawn area: 85%
[15:30:43] [Worker-Main-2/INFO]: Preparing spawn area: 88%
[15:30:43] [Worker-Main-4/INFO]: Preparing spawn area: 91%
[15:30:44] [Worker-Main-5/INFO]: Preparing spawn area: 94%
[15:30:44] [Worker-Main-2/INFO]: Preparing spawn area: 97%
[15:30:45] [Server thread/INFO]: Time elapsed: 25266 ms
[15:30:45] [Server thread/INFO]: Done (29.931s)! For help, type "help"
[15:30:45] [Server thread/INFO]: Starting remote control listener
[15:30:45] [Server thread/INFO]: Thread RCON Listener started
[15:30:45] [Server thread/INFO]: RCON running on 0.0.0.0:25575
[15:32:03] [Server thread/INFO]: admin1012[/42.117.113.74:62620] logged in with entity id 156 at (117.5, 73.0, -123.5)
[15:32:03] [Server thread/INFO]: admin1012 joined the game
[15:32:10] [Server thread/INFO]: admin1012 lost connection: Disconnected
[15:32:10] [Server thread/INFO]: admin1012 left the game
